Generated 488123 clauses over 16864 variables. 
Calling solver....
Solution found: 


 Format de sortida: Assignatura - Hora [A: Aula] [P: Professor]

                 Dilluns                     Dimarts                     dimecres                     Dijous                    Divendres
  8:00 =============================================================================================================================================
       |                           |                           |                           |                           |                           |  Curs: 1
       |                           |                           |                           |                           |                           |  Curs: 2
       |                           |                           |                           |                           |                           |  Curs: 3
       |                           |                           |                           |                           |                           |  Curs: 4
  9:00 =============================================================================================================================================
       |                           |                           |                           |                           |                           |  Curs: 1
       |                           |                           |                           |                           |                           |  Curs: 2
       |                           |                           |                           |                           |                           |  Curs: 3
       |                           |                           | 22 -  4  [A:  1]  [P:  4] |                           |                           |  Curs: 4
 10:00 =============================================================================================================================================
       |                           |                           |                           |                           |                           |  Curs: 1
       |                           |                           |                           |                           |                           |  Curs: 2
       |                           |                           |                           |                           |                           |  Curs: 3
       |                           |                           | 18 -  2  [A:  1]  [P:  1] |                           |                           |  Curs: 4
 11:00 =============================================================================================================================================
       |                           |                           |                           |  3 -  2  [A:  2]  [P:  3] |                           |  Curs: 1
       |                           |  6 -  2  [A:  1]  [P:  1] |                           |                           |                           |  Curs: 2
       |                           |                           |                           |                           |                           |  Curs: 3
       |                           | 17 -  4  [A:  3]  [P:  5] | 17 -  2  [A:  3]  [P:  5] |                           |                           |  Curs: 4
 12:00 =============================================================================================================================================
       |  4 -  2  [A:  2]  [P:  3] |                           |                           |  5 -  1  [A:  2]  [P:  5] |                           |  Curs: 1
       | 10 -  3  [A:  1]  [P:  4] |  8 -  2  [A:  1]  [P:  5] |                           |                           |                           |  Curs: 2
       |                           |                           |                           |                           |                           |  Curs: 3
       | 21 -  3  [A:  3]  [P:  1] | 21 -  2  [A:  3]  [P:  1] | 21 -  1  [A:  3]  [P:  1] |                           | 22 -  1  [A:  1]  [P:  4] |  Curs: 4
 13:00 =============================================================================================================================================
       |  3 -  3  [A:  2]  [P:  3] |                           |                           |  1 -  2  [A:  3]  [P:  5] |  1 -  1  [A:  3]  [P:  5] |  Curs: 1
       |  9 -  3  [A:  3]  [P:  2] | 10 -  4  [A:  1]  [P:  4] |                           |                           | 10 -  1  [A:  1]  [P:  4] |  Curs: 2
       |                           |                           |                           |                           |                           |  Curs: 3
       | 22 -  3  [A:  1]  [P:  4] | 19 -  2  [A:  2]  [P:  1] |                           |                           | 19 -  1  [A:  2]  [P:  1] |  Curs: 4
 14:00 =============================================================================================================================================
       |  2 -  2  [A:  2]  [P:  2] |                           |                           |                           |  4 -  1  [A:  2]  [P:  3] |  Curs: 1
       |  6 -  3  [A:  1]  [P:  1] |  9 -  2  [A:  3]  [P:  2] |                           |                           |  6 -  1  [A:  1]  [P:  1] |  Curs: 2
       |                           |                           |                           |                           |                           |  Curs: 3
       | 17 -  3  [A:  3]  [P:  5] | 18 -  3  [A:  1]  [P:  1] |                           |                           | 17 -  1  [A:  3]  [P:  5] |  Curs: 4
 15:00 =============================================================================================================================================
       |                           |                           |                           |                           |  2 -  1  [A:  2]  [P:  2] |  Curs: 1
       |                           |  7 -  3  [A:  3]  [P:  5] |                           |                           |  7 -  1  [A:  3]  [P:  5] |  Curs: 2
       |                           | 13 -  2  [A:  1]  [P:  3] |                           |                           |                           |  Curs: 3
       |                           | 20 -  2  [A:  2]  [P:  2] |                           |                           | 18 -  1  [A:  1]  [P:  1] |  Curs: 4
 16:00 =============================================================================================================================================
       |                           |  3 -  4  [A:  2]  [P:  3] |                           |                           |  3 -  1  [A:  2]  [P:  3] |  Curs: 1
       |                           |                           |                           |                           |  8 -  1  [A:  1]  [P:  5] |  Curs: 2
       |                           | 16 -  2  [A:  1]  [P:  1] |                           |                           |                           |  Curs: 3
       |                           | 23 -  2  [A:  3]  [P:  4] |                           |                           | 23 -  1  [A:  3]  [P:  4] |  Curs: 4
 17:00 =============================================================================================================================================
       |                           |  1 -  3  [A:  3]  [P:  5] |                           |                           |                           |  Curs: 1
       |                           |                           | 10 -  2  [A:  1]  [P:  4] |                           |                           |  Curs: 2
       | 16 -  3  [A:  1]  [P:  1] | 11 -  2  [A:  1]  [P:  3] | 14 -  1  [A:  3]  [P:  5] |                           |                           |  Curs: 3
       |                           |                           |                           |                           |                           |  Curs: 4
 18:00 =============================================================================================================================================
       |                           |                           |                           |                           |                           |  Curs: 1
       |                           |                           |  7 -  4  [A:  3]  [P:  5] |                           |                           |  Curs: 2
       | 15 -  2  [A:  1]  [P:  4] | 14 -  2  [A:  3]  [P:  5] | 15 -  1  [A:  1]  [P:  4] | 12 -  2  [A:  2]  [P:  3] | 13 -  1  [A:  1]  [P:  3] |  Curs: 3
       |                           |                           |                           | 22 -  2  [A:  1]  [P:  4] |                           |  Curs: 4
 19:00 =============================================================================================================================================
       |                           |                           |  5 -  2  [A:  2]  [P:  5] |                           |                           |  Curs: 1
       |                           |                           |  9 -  1  [A:  3]  [P:  2] |  7 -  2  [A:  3]  [P:  5] |                           |  Curs: 2
       | 13 -  3  [A:  1]  [P:  3] |                           | 11 -  1  [A:  1]  [P:  3] | 16 -  1  [A:  1]  [P:  1] | 12 -  1  [A:  2]  [P:  3] |  Curs: 3
       |                           |                           |                           | 20 -  1  [A:  2]  [P:  2] |                           |  Curs: 4
 20:00 =============================================================================================================================================


----------------------------------------------------------------------------------------------------------------------------------------------------
 Horari del curs 1
 Format de sortida: Assignatura - Hora [A: Aula] [P: Professor]

                 Dilluns                     Dimarts                     dimecres                     Dijous                    Divendres
  8:00 =============================================================================================================================================
       |                           |                           |                           |                           |                           |
  9:00 =============================================================================================================================================
       |                           |                           |                           |                           |                           |
 10:00 =============================================================================================================================================
       |                           |                           |                           |                           |                           |
 11:00 =============================================================================================================================================
       |                           |                           |                           |  3 -  2  [A:  2]  [P:  3] |                           |
 12:00 =============================================================================================================================================
       |  4 -  2  [A:  2]  [P:  3] |                           |                           |  5 -  1  [A:  2]  [P:  5] |                           |
 13:00 =============================================================================================================================================
       |  3 -  3  [A:  2]  [P:  3] |                           |                           |  1 -  2  [A:  3]  [P:  5] |  1 -  1  [A:  3]  [P:  5] |
 14:00 =============================================================================================================================================
       |  2 -  2  [A:  2]  [P:  2] |                           |                           |                           |  4 -  1  [A:  2]  [P:  3] |
 15:00 =============================================================================================================================================
       |                           |                           |                           |                           |  2 -  1  [A:  2]  [P:  2] |
 16:00 =============================================================================================================================================
       |                           |  3 -  4  [A:  2]  [P:  3] |                           |                           |  3 -  1  [A:  2]  [P:  3] |
 17:00 =============================================================================================================================================
       |                           |  1 -  3  [A:  3]  [P:  5] |                           |                           |                           |
 18:00 =============================================================================================================================================
       |                           |                           |                           |                           |                           |
 19:00 =============================================================================================================================================
       |                           |                           |  5 -  2  [A:  2]  [P:  5] |                           |                           |
 20:00 =============================================================================================================================================


----------------------------------------------------------------------------------------------------------------------------------------------------
 Horari del curs 2
 Format de sortida: Assignatura - Hora [A: Aula] [P: Professor]

                 Dilluns                     Dimarts                     dimecres                     Dijous                    Divendres
  8:00 =============================================================================================================================================
       |                           |                           |                           |                           |                           |
  9:00 =============================================================================================================================================
       |                           |                           |                           |                           |                           |
 10:00 =============================================================================================================================================
       |                           |                           |                           |                           |                           |
 11:00 =============================================================================================================================================
       |                           |  6 -  2  [A:  1]  [P:  1] |                           |                           |                           |
 12:00 =============================================================================================================================================
       | 10 -  3  [A:  1]  [P:  4] |  8 -  2  [A:  1]  [P:  5] |                           |                           |                           |
 13:00 =============================================================================================================================================
       |  9 -  3  [A:  3]  [P:  2] | 10 -  4  [A:  1]  [P:  4] |                           |                           | 10 -  1  [A:  1]  [P:  4] |
 14:00 =============================================================================================================================================
       |  6 -  3  [A:  1]  [P:  1] |  9 -  2  [A:  3]  [P:  2] |                           |                           |  6 -  1  [A:  1]  [P:  1] |
 15:00 =============================================================================================================================================
       |                           |  7 -  3  [A:  3]  [P:  5] |                           |                           |  7 -  1  [A:  3]  [P:  5] |
 16:00 =============================================================================================================================================
       |                           |                           |                           |                           |  8 -  1  [A:  1]  [P:  5] |
 17:00 =============================================================================================================================================
       |                           |                           | 10 -  2  [A:  1]  [P:  4] |                           |                           |
 18:00 =============================================================================================================================================
       |                           |                           |  7 -  4  [A:  3]  [P:  5] |                           |                           |
 19:00 =============================================================================================================================================
       |                           |                           |  9 -  1  [A:  3]  [P:  2] |  7 -  2  [A:  3]  [P:  5] |                           |
 20:00 =============================================================================================================================================


----------------------------------------------------------------------------------------------------------------------------------------------------
 Horari del curs 3
 Format de sortida: Assignatura - Hora [A: Aula] [P: Professor]

                 Dilluns                     Dimarts                     dimecres                     Dijous                    Divendres
  8:00 =============================================================================================================================================
       |                           |                           |                           |                           |                           |
  9:00 =============================================================================================================================================
       |                           |                           |                           |                           |                           |
 10:00 =============================================================================================================================================
       |                           |                           |                           |                           |                           |
 11:00 =============================================================================================================================================
       |                           |                           |                           |                           |                           |
 12:00 =============================================================================================================================================
       |                           |                           |                           |                           |                           |
 13:00 =============================================================================================================================================
       |                           |                           |                           |                           |                           |
 14:00 =============================================================================================================================================
       |                           |                           |                           |                           |                           |
 15:00 =============================================================================================================================================
       |                           | 13 -  2  [A:  1]  [P:  3] |                           |                           |                           |
 16:00 =============================================================================================================================================
       |                           | 16 -  2  [A:  1]  [P:  1] |                           |                           |                           |
 17:00 =============================================================================================================================================
       | 16 -  3  [A:  1]  [P:  1] | 11 -  2  [A:  1]  [P:  3] | 14 -  1  [A:  3]  [P:  5] |                           |                           |
 18:00 =============================================================================================================================================
       | 15 -  2  [A:  1]  [P:  4] | 14 -  2  [A:  3]  [P:  5] | 15 -  1  [A:  1]  [P:  4] | 12 -  2  [A:  2]  [P:  3] | 13 -  1  [A:  1]  [P:  3] |
 19:00 =============================================================================================================================================
       | 13 -  3  [A:  1]  [P:  3] |                           | 11 -  1  [A:  1]  [P:  3] | 16 -  1  [A:  1]  [P:  1] | 12 -  1  [A:  2]  [P:  3] |
 20:00 =============================================================================================================================================


----------------------------------------------------------------------------------------------------------------------------------------------------
 Horari del curs 4
 Format de sortida: Assignatura - Hora [A: Aula] [P: Professor]

                 Dilluns                     Dimarts                     dimecres                     Dijous                    Divendres
  8:00 =============================================================================================================================================
       |                           |                           |                           |                           |                           |
  9:00 =============================================================================================================================================
       |                           |                           | 22 -  4  [A:  1]  [P:  4] |                           |                           |
 10:00 =============================================================================================================================================
       |                           |                           | 18 -  2  [A:  1]  [P:  1] |                           |                           |
 11:00 =============================================================================================================================================
       |                           | 17 -  4  [A:  3]  [P:  5] | 17 -  2  [A:  3]  [P:  5] |                           |                           |
 12:00 =============================================================================================================================================
       | 21 -  3  [A:  3]  [P:  1] | 21 -  2  [A:  3]  [P:  1] | 21 -  1  [A:  3]  [P:  1] |                           | 22 -  1  [A:  1]  [P:  4] |
 13:00 =============================================================================================================================================
       | 22 -  3  [A:  1]  [P:  4] | 19 -  2  [A:  2]  [P:  1] |                           |                           | 19 -  1  [A:  2]  [P:  1] |
 14:00 =============================================================================================================================================
       | 17 -  3  [A:  3]  [P:  5] | 18 -  3  [A:  1]  [P:  1] |                           |                           | 17 -  1  [A:  3]  [P:  5] |
 15:00 =============================================================================================================================================
       |                           | 20 -  2  [A:  2]  [P:  2] |                           |                           | 18 -  1  [A:  1]  [P:  1] |
 16:00 =============================================================================================================================================
       |                           | 23 -  2  [A:  3]  [P:  4] |                           |                           | 23 -  1  [A:  3]  [P:  4] |
 17:00 =============================================================================================================================================
       |                           |                           |                           |                           |                           |
 18:00 =============================================================================================================================================
       |                           |                           |                           | 22 -  2  [A:  1]  [P:  4] |                           |
 19:00 =============================================================================================================================================
       |                           |                           |                           | 20 -  1  [A:  2]  [P:  2] |                           |
 20:00 =============================================================================================================================================


